
FileVersion:        2

ResolutionOfTime:   Volumes

Experiment:         feedback

BackgroundColor:    0 0 0
TextColor:          255 255 255

TimeCourseColor:    255 255 255
TimeCourseThick:    3
ReferenceFuncColor: 0 0 80
ReferenceFuncThick: 3
NrOfImages:  0
PathImages: .\protocol images\Nicotine
NrOfConditions:  2

Baseline
Num:7
change:0
   1   20
  41   60
  81   100
 121   140
 161   180
 201   220
 241   260
Image:  
Cond_img: plus.jpg
Color: 50 50 255

DownReg
Num:7
change:0
  21   40
  61   80
 101   120
 141   160
 181   200
 221   240
 261   280
Image:  
Cond_img: imagine.jpg
Color: 50 255 50

ConditionSequence:   1 2 1 2 1 2 1 2 1 2 1 2 1 2  

PerformanceCriteria: 9 1 9 1 9 1 9 1 9 1 9 1 9 1

Down_UP_Regulation:  0 1 0 1 0 1 0 1 0 1 0 1 0 1

Feedback_con_del:    0 1 0 1 0 1 0 1 0 1 0 1 0 1

Reward_sequence:     0 0 0 0 0 0 0 0 0 0 0 0 0 0 

ResponseConditions:  0

NrOfVolumeToSkip: 10

NrOfVolumes: 290

NrOfColumns: 9

NrOfRows: 10

ROI_count: 0.5 0.5 -1

Motion_translation_threshold: 0.5

Motion_degree_threshold: 1

Correl_window: 8

Repetition_Time: 1.0

