FileVersion:        2
ResolutionOfTime:   Volumes
Experiment:         feedback
BackgroundColor:    0 0 0
TextColor:          255 255 255
TimeCourseColor:    255 255 255
TimeCourseThick:    3
ReferenceFuncColor: 0 0 80
ReferenceFuncThick: 3
NrOfImages: 48
PathImages: .\protocol images\oldage
NrOfConditions:  5
Fixation
Num: 48
change: 0
1  1 
6  6 
11 11
16 16
21 21
26 26
31 31
36 36
41 41
46 46
51 51
56 56
66 66
71 71
76 76
81 81
86 86 
91 91
96 96 
101 101
106 106
111 111
116 116
121 121
131 131
136 136
141 141
146 146
151 151
156 156
161 161
166 166
171 171
176 176
181 181
186 186
196 196
201 201
206 206
211 211
216 216
221 221
226 226
231 231
236 236
241 241
246 246
251 251
Image: plus.jpg;
Cond_img: 
Color: 0 0 0
Faces
Num:48
change: 1
2  3
7  8
12 13
17 18
22 23
27 28
32 33
37 38
42 43
47 48
52 53
57 58
67 68
72 73
77 78
82 83
87 88
92 93
97 98
102 103
107 108
112 113
117 118
122 123
132 133
137 138
142 143
147 148
152 153
157 158
162 163
167 168
172 173
177 178
182 183
187 188
197 198
202 203
207 208
212 213
217 218
222 223
227 228
232 233
237 238
242 243
247 248
252 253
Image: 07.jpg;08.jpg;09.jpg;10.jpg;11.jpg;12.jpg;
Cond_img:
Color: 0  0 0
decision
Num:48
change: 0
4  4
9  9
14 14
19 19
24 24
29 29
34 34
39 39
44 44
49 49
54 54
59 59
69 69
74 74
79 79
84 84
89 89
94 94
99 99
104 104
109 109
114 114
119 119
124 124
134 134
139 139
144 144
149 149
154 154
159 159
164 164
169 169
174 174
179 179
184 184
189 189
199 199
204 204
209 209
214 214
219 219
224 224
229 229
234 234
239 239
244 244
249 249
254 254
Image: black.jpg;
Cond_img:
Color: 0  0 0
reward
Num:48
change: 0
 5  5
 10 10
 15 15
 20 20
 25 25
 30 30
 35 35
 40 40
 45 45
 50 50
 55 55
 60 60
 70 70
 75 75
 80 80
 85 85
 90 90
 95 95
100 100
105 105
110 110
115 115
120 120
125 125
135 135
140 140
145 145
150 150
155 155
160 160
165 165
170 170 
175 175
180 180
185 185
190 190
200 200
205 205
210 210
215 215
220 220
225 225
230 230
235 235
240 240
245 245
250 250
255 255
Image: black.jpg;
Cond_img:
Color: 0  0 0
Rest
Num:3
change: 0
 61  65
126  130
191  195
Image: black.jpg;
Cond_img:
Color: 0  0 0
ConditionSequence:   1 2 3 4 1 2 3 4 1 2 3 4 1 2 3 4 1 2 3 4 1 2 3 4 1 2 3 4 1 2 3 4 1 2 3 4 1 2 3 4 1 2 3 4 1 2 3 4 5 1 2 3 4 1 2 3 4 1 2 3 4 1 2 3 4 1 2 3 4 1 2 3 4 1 2 3 4 1 2 3 4 1 2 3 4 1 2 3 4 1 2 3 4 1 2 3 4 5 1 2 3 4 1 2 3 4 1 2 3 4 1 2 3 4 1 2 3 4 1 2 3 4 1 2 3 4 1 2 3 4 1 2 3 4 1 2 3 4 1 2 3 4 1 2 3 4 5 1 2 3 4 1 2 3 4 1 2 3 4 1 2 3 4 1 2 3 4 1 2 3 4 1 2 3 4 1 2 3 4 1 2 3 4 1 2 3 4 1 2 3 4 1 2 3 4
PerformanceCriteria: 0 9 0 0 0 9 0 0 0 9 0 0 0 9 0 0 0 9 0 0 0 9 0 0 0 9 0 0 0 9 0 0 0 9 0 0 0 9 0 0 0 9 0 0 0 9 0 0 0 0 1 0 0 0 1 0 0 0 1 0 0 0 1 0 0 0 1 0 0 0 1 0 0 0 1 0 0 0 1 0 0 0 1 0 0 0 1 0 0 0 1 0 0 0 1 0 0 0 0 1 0 0 0 1 0 0 0 1 0 0 0 1 0 0 0 1 0 0 0 1 0 0 0 1 0 0 0 1 0 0 0 1 0 0 0 1 0 0 0 1 0 0 0 1 0 0 0 0 1 0 0 0 1 0 0 0 1 0 0 0 1 0 0 0 1 0 0 0 1 0 0 0 1 0 0 0 1 0 0 0 1 0 0 0 1 0 0 0 1 0 0 0 1 0 0
Down_UP_Regulation:  0 0 0 0 0 0 0 0 0 0 0 0 0 0 0 0 0 0 0 0 0 0 0 0 0 0 0 0 0 0 0 0 0 0 0 0 0 0 0 0 0 0 0 0 0 0 0 0 0 0 1 0 0 0 1 0 0 0 1 0 0 0 1 0 0 0 1 0 0 0 1 0 0 0 1 0 0 0 1 0 0 0 1 0 0 0 1 0 0 0 1 0 0 0 1 0 0 0 0 1 0 0 0 1 0 0 0 1 0 0 0 1 0 0 0 1 0 0 0 1 0 0 0 1 0 0 0 1 0 0 0 1 0 0 0 1 0 0 0 1 0 0 0 1 0 0 0 0 1 0 0 0 1 0 0 0 1 0 0 0 1 0 0 0 1 0 0 0 1 0 0 0 1 0 0 0 1 0 0 0 1 0 0 0 1 0 0 0 1 0 0 0 1 0 0
Feedback_con_del:    0 0 0 0 0 0 0 0 0 0 0 0 0 0 0 0 0 0 0 0 0 0 0 0 0 0 0 0 0 0 0 0 0 0 0 0 0 0 0 0 0 0 0 0 0 0 0 0 0 0 0 0 2 0 0 0 2 0 0 0 2 0 0 0 2 0 0 0 2 0 0 0 2 0 0 0 2 0 0 0 2 0 0 0 2 0 0 0 2 0 0 0 2 0 0 0 2 0 0 0 0 2 0 0 0 2 0 0 0 2 0 0 0 2 0 0 0 2 0 0 0 2 0 0 0 2 0 0 0 2 0 0 0 2 0 0 0 2 0 0 0 2 0 0 0 2 0 0 0 0 2 0 0 0 2 0 0 0 2 0 0 0 2 0 0 0 2 0 0 0 2 0 0 0 2 0 0 0 2 0 0 0 2 0 0 0 2 0 0 0 2 0 0 0 2
Reward_sequence:     0 0 0 0 0 0 0 0 0 0 0 0 0 0 0 0 0 0 0 0 0 0 0 0 0 0 0 0 0 0 0 0 0 0 0 0 0 0 0 0 0 0 0 0 0 0 0 0 0 0 0 0 1 0 0 0 1 0 0 0 1 0 0 0 1 0 0 0 1 0 0 0 1 0 0 0 1 0 0 0 1 0 0 0 1 0 0 0 1 0 0 0 1 0 0 0 1 0 0 0 0 1 0 0 0 1 0 0 0 1 0 0 0 1 0 0 0 1 0 0 0 1 0 0 0 1 0 0 0 1 0 0 0 1 0 0 0 1 0 0 0 1 0 0 0 1 0 0 0 0 1 0 0 0 1 0 0 0 1 0 0 0 1 0 0 0 1 0 0 0 1 0 0 0 1 0 0 0 1 0 0 0 1 0 0 0 1 0 0 0 1 0 0 0 1
ResponseConditions:  0
NrOfVolumeToSkip: 10
NrOfVolumes: 265
NrOfColumns: 5
NrOfRows: 5
ROI_count: 0.5 0.5 -1
Motion_translation_threshold: 0.5
Motion_degree_threshold: 1
Correl_window: 8
Repetition_Time: 1.5